<?xml version="1.0" encoding="UTF-8"?>
<!-- Generated by org.testng.reporters.JUnitXMLReporter -->
<testsuite ignored="0" hostname="DESKTOP-LT7SG4G" failures="5" tests="5" name="Test" time="66.778" errors="0" timestamp="2024-07-04T14:44:20 IST">
  <testcase classname="com.Hybride.testcase.Tc_LoginDDT_002" name="loginDDT" time="11.841">
    <failure type="java.lang.AssertionError" message="expected [true] but found [false]">
      <![CDATA[java.lang.AssertionError: expected [true] but found [false]
at com.Hybride.testcase.Tc_LoginDDT_002.loginDDT(Tc_LoginDDT_002.java:35)
at java.base/java.util.ArrayList.forEach(ArrayList.java:1541)
... Removed 31 stack frames]]>
    </failure>
  </testcase> <!-- loginDDT -->
  <testcase classname="com.Hybride.testcase.Tc_LoginDDT_002" name="loginDDT" time="11.489">
    <failure type="java.lang.AssertionError" message="expected [true] but found [false]">
      <![CDATA[java.lang.AssertionError: expected [true] but found [false]
at com.Hybride.testcase.Tc_LoginDDT_002.loginDDT(Tc_LoginDDT_002.java:35)
at java.base/java.util.ArrayList.forEach(ArrayList.java:1541)
... Removed 31 stack frames]]>
    </failure>
  </testcase> <!-- loginDDT -->
  <testcase classname="com.Hybride.testcase.Tc_LoginDDT_002" name="loginDDT" time="11.207">
    <failure type="java.lang.AssertionError" message="expected [true] but found [false]">
      <![CDATA[java.lang.AssertionError: expected [true] but found [false]
at com.Hybride.testcase.Tc_LoginDDT_002.loginDDT(Tc_LoginDDT_002.java:35)
at java.base/java.util.ArrayList.forEach(ArrayList.java:1541)
... Removed 31 stack frames]]>
    </failure>
  </testcase> <!-- loginDDT -->
  <testcase classname="com.Hybride.testcase.Tc_LoginDDT_002" name="loginDDT" time="11.376">
    <failure type="java.lang.AssertionError" message="expected [true] but found [false]">
      <![CDATA[java.lang.AssertionError: expected [true] but found [false]
at com.Hybride.testcase.Tc_LoginDDT_002.loginDDT(Tc_LoginDDT_002.java:35)
at java.base/java.util.ArrayList.forEach(ArrayList.java:1541)
... Removed 31 stack frames]]>
    </failure>
  </testcase> <!-- loginDDT -->
  <testcase classname="com.Hybride.testcase.Tc_LoginDDT_002" name="loginDDT" time="11.449">
    <failure type="java.lang.AssertionError" message="expected [true] but found [false]">
      <![CDATA[java.lang.AssertionError: expected [true] but found [false]
at com.Hybride.testcase.Tc_LoginDDT_002.loginDDT(Tc_LoginDDT_002.java:35)
at java.base/java.util.ArrayList.forEach(ArrayList.java:1541)
... Removed 31 stack frames]]>
    </failure>
  </testcase> <!-- loginDDT -->
</testsuite> <!-- Test -->
